[00:41:07.043][info] [#0:/Users/jeffpark/.local/share/nvim/mason/packages/lua-language-server/extension/server/main.lua:66]: Lua Lsp startup, root: 	/Users/jeffpark/.local/share/nvim/mason/packages/lua-language-server/extension/server
[00:41:07.044][info] [#0:/Users/jeffpark/.local/share/nvim/mason/packages/lua-language-server/extension/server/main.lua:67]: ROOT:	/Users/jeffpark/.local/share/nvim/mason/packages/lua-language-server/extension/server
[00:41:07.044][info] [#0:/Users/jeffpark/.local/share/nvim/mason/packages/lua-language-server/extension/server/main.lua:68]: LOGPATH:	/Users/jeffpark/.local/share/nvim/mason/packages/lua-language-server/extension/server/log
[00:41:07.044][info] [#0:/Users/jeffpark/.local/share/nvim/mason/packages/lua-language-server/extension/server/main.lua:69]: METAPATH:	/Users/jeffpark/.local/share/nvim/mason/packages/lua-language-server/extension/server/meta
[00:41:07.045][info] [#0:/Users/jeffpark/.local/share/nvim/mason/packages/lua-language-server/extension/server/main.lua:70]: VERSION:	3.6.4-dev
[00:41:07.081][info] [#0:script/service/service.lua:141]: 
========= Medical Examination Report =========
    --------------- Memory ---------------
        Total: 1.563 MB
        # 00 : 1.563 MB
        # 01 : 0.000 MB
        # 02 : 0.000 MB
        # 03 : 0.000 MB
        # 04 : 0.000 MB
    --------------- Coroutine ---------------
        Total:     0
        Running:   0
        Suspended: 0
        Normal:    0
        Dead:      0
    --------------- Cache ---------------
        Total: 1
        Dead:  0
    ---------------  RPC  ---------------
        Holdon:   0
        Waiting:  0
==============================================
[00:41:07.091][info] [#0:script/language.lua:137]: VSC language: nil
[00:41:07.091][info] [#0:script/language.lua:138]: LS  language: en-us
[00:41:07.091][info] [#0:script/workspace/workspace.lua:38]: Workspace init root: 	file:///Users/jeffpark/.local/share/lunarvim/lvim
[00:41:07.091][info] [#0:script/workspace/workspace.lua:42]: Log path: 	/Users/jeffpark/.local/share/nvim/mason/packages/lua-language-server/extension/server/log/file_Users_jeffpark_.local_share_lunarvim_lvim.log
[00:41:07.093][info] [#0:script/workspace/workspace.lua:51]: Workspace create: 	file:///Users/jeffpark/.local/share/lunarvim/lvim
[00:41:07.095][info] [#0:script/provider/provider.lua:41]: Load config from client	file:///Users/jeffpark/.local/share/lunarvim/lvim
[00:41:07.095][info] [#0:script/provider/provider.lua:42]: {
  Lua = {
    diagnostics = {
      globals = { "vim", "lvim", "packer_plugins", "reload" }
    },
    runtime = {
      special = {
        reload = "require"
      },
      version = "LuaJIT"
    },
    telemetry = {
      enable = false
    },
    workspace = {
      checkThirdParty = false,
      library = { "/opt/homebrew/Cellar/neovim/0.8.1/share/nvim/runtime", "/Users/jeffpark/.local/share/lunarvim/lvim", "/Users/jeffpark/.local/share/lunarvim/site/pack/packer/opt/neodev.nvim/types/stable", "/Users/jeffpark/.local/share/lunarvim/site/pack/packer/start/LuaSnip/lua", "/Users/jeffpark/.local/share/lunarvim/site/pack/packer/start/plenary.nvim/lua", "/Users/jeffpark/.local/share/lunarvim/site/pack/packer/start/telescope.nvim/lua" },
      maxPreload = 5000,
      preloadFileSize = 10000
    }
  }
}
[00:41:07.096][info] [#0:script/provider/provider.lua:48]: Load config from .luarc.json/.luarc.jsonc	file:///Users/jeffpark/.local/share/lunarvim/lvim
[00:41:07.096][info] [#0:script/provider/provider.lua:49]: {
  ["$schema"] = "https://raw.githubusercontent.com/sumneko/vscode-lua/master/setting/schema.json",
  ["Lua.diagnostics.disable"] = { "redundant-parameter", "param-type-mismatch", "missing-parameter" },
  ["diagnostics.libraryFiles"] = "Disable"
}
[00:41:07.096][info] [#0:script/provider/provider.lua:41]: Load config from client	file:///Users/jeffpark/.local/share/lunarvim/lvim
[00:41:07.096][info] [#0:script/provider/provider.lua:42]: {
  Lua = {
    diagnostics = {
      globals = { "vim", "lvim", "packer_plugins", "reload" }
    },
    runtime = {
      special = {
        reload = "require"
      },
      version = "LuaJIT"
    },
    telemetry = {
      enable = false
    },
    workspace = {
      checkThirdParty = false,
      library = { "/opt/homebrew/Cellar/neovim/0.8.1/share/nvim/runtime", "/Users/jeffpark/.local/share/lunarvim/lvim", "/Users/jeffpark/.local/share/lunarvim/site/pack/packer/opt/neodev.nvim/types/stable", "/Users/jeffpark/.local/share/lunarvim/site/pack/packer/start/LuaSnip/lua", "/Users/jeffpark/.local/share/lunarvim/site/pack/packer/start/plenary.nvim/lua", "/Users/jeffpark/.local/share/lunarvim/site/pack/packer/start/telescope.nvim/lua" },
      maxPreload = 5000,
      preloadFileSize = 10000
    }
  }
}
[00:41:07.096][info] [#0:script/provider/provider.lua:48]: Load config from .luarc.json/.luarc.jsonc	file:///Users/jeffpark/.local/share/lunarvim/lvim
[00:41:07.096][info] [#0:script/provider/provider.lua:49]: {
  ["$schema"] = "https://raw.githubusercontent.com/sumneko/vscode-lua/master/setting/schema.json",
  ["Lua.diagnostics.disable"] = { "redundant-parameter", "param-type-mismatch", "missing-parameter" },
  ["diagnostics.libraryFiles"] = "Disable"
}
[00:41:07.096][info] [#0:script/provider/provider.lua:41]: Load config from client	file:///Users/jeffpark/.local/share/lunarvim/lvim
[00:41:07.096][info] [#0:script/provider/provider.lua:42]: {
  Lua = {
    diagnostics = {
      globals = { "vim", "lvim", "packer_plugins", "reload" }
    },
    runtime = {
      special = {
        reload = "require"
      },
      version = "LuaJIT"
    },
    telemetry = {
      enable = false
    },
    workspace = {
      checkThirdParty = false,
      library = { "/opt/homebrew/Cellar/neovim/0.8.1/share/nvim/runtime", "/Users/jeffpark/.local/share/lunarvim/lvim", "/Users/jeffpark/.local/share/lunarvim/site/pack/packer/opt/neodev.nvim/types/stable", "/Users/jeffpark/.local/share/lunarvim/site/pack/packer/start/LuaSnip/lua", "/Users/jeffpark/.local/share/lunarvim/site/pack/packer/start/plenary.nvim/lua", "/Users/jeffpark/.local/share/lunarvim/site/pack/packer/start/telescope.nvim/lua" },
      maxPreload = 5000,
      preloadFileSize = 10000
    }
  }
}
[00:41:07.096][info] [#0:script/provider/provider.lua:48]: Load config from .luarc.json/.luarc.jsonc	file:///Users/jeffpark/.local/share/lunarvim/lvim
[00:41:07.096][info] [#0:script/provider/provider.lua:49]: {
  ["$schema"] = "https://raw.githubusercontent.com/sumneko/vscode-lua/master/setting/schema.json",
  ["Lua.diagnostics.disable"] = { "redundant-parameter", "param-type-mismatch", "missing-parameter" },
  ["diagnostics.libraryFiles"] = "Disable"
}
[00:41:07.097][info] [#0:script/provider/provider.lua:56]: Load config from client	fallback
[00:41:07.097][info] [#0:script/provider/provider.lua:57]: {
  Lua = {
    diagnostics = {
      globals = { "vim", "lvim", "packer_plugins", "reload" }
    },
    runtime = {
      special = {
        reload = "require"
      },
      version = "LuaJIT"
    },
    telemetry = {
      enable = false
    },
    workspace = {
      checkThirdParty = false,
      library = { "/opt/homebrew/Cellar/neovim/0.8.1/share/nvim/runtime", "/Users/jeffpark/.local/share/lunarvim/lvim", "/Users/jeffpark/.local/share/lunarvim/site/pack/packer/opt/neodev.nvim/types/stable", "/Users/jeffpark/.local/share/lunarvim/site/pack/packer/start/LuaSnip/lua", "/Users/jeffpark/.local/share/lunarvim/site/pack/packer/start/plenary.nvim/lua", "/Users/jeffpark/.local/share/lunarvim/site/pack/packer/start/telescope.nvim/lua" },
      maxPreload = 5000,
      preloadFileSize = 10000
    }
  }
}
[00:41:07.097][info] [#0:script/library.lua:209]: Init builtin library at:	file:///Users/jeffpark/.local/share/lunarvim/lvim
[00:41:07.112][info] [#0:script/plugin.lua:86]: plugin path:	/Users/jeffpark/.local/share/lunarvim/lvim
[00:41:07.112][warn] [#0:script/plugin.lua:101]: plugin not found:	/Users/jeffpark/.local/share/lunarvim/lvim
[00:41:07.112][info] [#0:script/library.lua:209]: Init builtin library at:	nil
[00:41:07.178][info] [#0:script/provider/provider.lua:56]: Load config from client	fallback
[00:41:07.178][info] [#0:script/provider/provider.lua:57]: {
  Lua = {
    diagnostics = {
      globals = { "vim", "lvim", "packer_plugins", "reload" }
    },
    runtime = {
      special = {
        reload = "require"
      },
      version = "LuaJIT"
    },
    telemetry = {
      enable = false
    },
    workspace = {
      checkThirdParty = false,
      library = { "/opt/homebrew/Cellar/neovim/0.8.1/share/nvim/runtime", "/Users/jeffpark/.local/share/lunarvim/lvim", "/Users/jeffpark/.local/share/lunarvim/site/pack/packer/opt/neodev.nvim/types/stable", "/Users/jeffpark/.local/share/lunarvim/site/pack/packer/start/LuaSnip/lua", "/Users/jeffpark/.local/share/lunarvim/site/pack/packer/start/plenary.nvim/lua", "/Users/jeffpark/.local/share/lunarvim/site/pack/packer/start/telescope.nvim/lua" },
      maxPreload = 5000,
      preloadFileSize = 10000
    }
  }
}
[00:41:07.178][info] [#0:script/provider/provider.lua:56]: Load config from client	fallback
[00:41:07.178][info] [#0:script/provider/provider.lua:57]: {
  Lua = {
    diagnostics = {
      globals = { "vim", "lvim", "packer_plugins", "reload" }
    },
    runtime = {
      special = {
        reload = "require"
      },
      version = "LuaJIT"
    },
    telemetry = {
      enable = false
    },
    workspace = {
      checkThirdParty = false,
      library = { "/opt/homebrew/Cellar/neovim/0.8.1/share/nvim/runtime", "/Users/jeffpark/.local/share/lunarvim/lvim", "/Users/jeffpark/.local/share/lunarvim/site/pack/packer/opt/neodev.nvim/types/stable", "/Users/jeffpark/.local/share/lunarvim/site/pack/packer/start/LuaSnip/lua", "/Users/jeffpark/.local/share/lunarvim/site/pack/packer/start/plenary.nvim/lua", "/Users/jeffpark/.local/share/lunarvim/site/pack/packer/start/telescope.nvim/lua" },
      maxPreload = 5000,
      preloadFileSize = 10000
    }
  }
}
[00:41:07.283][info] [#0:script/workspace/workspace.lua:304]: Preload start:	file:///Users/jeffpark/.local/share/lunarvim/lvim
[00:41:07.285][info] [#0:script/workspace/workspace.lua:310]: Scan files at:	file:///Users/jeffpark/.local/share/lunarvim/lvim
[00:41:07.285][info] [#0:script/workspace/workspace.lua:304]: Preload start:	<fallback>
[00:41:07.286][info] [#0:script/workspace/workspace.lua:327]: Scan library at:	file:///opt/homebrew/Cellar/neovim/0.8.1/share/nvim/runtime
[00:41:07.306][info] [#0:script/workspace/workspace.lua:327]: Scan library at:	file:///opt/homebrew/Cellar/neovim/0.8.1/share/nvim/runtime
[00:41:07.377][info] [#0:script/workspace/workspace.lua:327]: Scan library at:	file:///Users/jeffpark/.local/share/lunarvim/site/pack/packer/opt/neodev.nvim/types/stable
[00:41:07.378][info] [#0:script/workspace/workspace.lua:327]: Scan library at:	file:///Users/jeffpark/.local/share/nvim/mason/packages/lua-language-server/extension/server/meta/LuaJIT%20en-us%20utf8
[00:41:07.379][info] [#0:script/workspace/workspace.lua:327]: Scan library at:	file:///Users/jeffpark/.local/share/lunarvim/site/pack/packer/start/telescope.nvim/lua
[00:41:07.384][info] [#0:script/workspace/workspace.lua:327]: Scan library at:	file:///Users/jeffpark/.local/share/lunarvim/site/pack/packer/start/LuaSnip/lua
[00:41:07.387][info] [#0:script/workspace/workspace.lua:327]: Scan library at:	file:///Users/jeffpark/.local/share/lunarvim/site/pack/packer/opt/neodev.nvim/types/stable
[00:41:07.387][info] [#0:script/workspace/workspace.lua:327]: Scan library at:	file:///Users/jeffpark/.local/share/lunarvim/lvim
[00:41:07.388][info] [#0:script/workspace/workspace.lua:327]: Scan library at:	file:///Users/jeffpark/.local/share/nvim/mason/packages/lua-language-server/extension/server/meta/LuaJIT%20en-us%20utf8
[00:41:07.390][info] [#0:script/workspace/workspace.lua:327]: Scan library at:	file:///Users/jeffpark/.local/share/lunarvim/site/pack/packer/start/telescope.nvim/lua
[00:41:07.395][info] [#0:script/workspace/workspace.lua:327]: Scan library at:	file:///Users/jeffpark/.local/share/lunarvim/site/pack/packer/start/LuaSnip/lua
[00:41:07.398][info] [#0:script/workspace/workspace.lua:327]: Scan library at:	file:///Users/jeffpark/.local/share/lunarvim/lvim
[00:41:07.399][info] [#0:script/workspace/workspace.lua:327]: Scan library at:	file:///Users/jeffpark/.local/share/lunarvim/site/pack/packer/start/plenary.nvim/lua
[00:41:07.408][info] [#0:script/workspace/workspace.lua:327]: Scan library at:	file:///Users/jeffpark/.local/share/lunarvim/site/pack/packer/start/plenary.nvim/lua
[00:41:07.512][info] [#0:script/workspace/workspace.lua:347]: Found 354 files at:	<fallback>
[00:41:07.512][info] [#0:script/workspace/loading.lua:157]: Load files from disk:	<fallback>
[00:41:07.512][info] [#0:script/workspace/workspace.lua:347]: Found 438 files at:	file:///Users/jeffpark/.local/share/lunarvim/lvim
[00:41:07.512][info] [#0:script/workspace/loading.lua:157]: Load files from disk:	file:///Users/jeffpark/.local/share/lunarvim/lvim
[00:41:08.707][info] [#0:script/workspace/loading.lua:169]: Loaded files takes [1.034] sec: <fallback>
[00:41:08.707][info] [#0:script/workspace/loading.lua:178]: Compile files takes [0.000] sec: <fallback>
[00:41:08.707][info] [#0:script/workspace/loading.lua:179]: Loaded finish:	<fallback>
[00:41:08.708][info] [#0:script/workspace/workspace.lua:349]: Preload finish at:	<fallback>
[00:41:08.744][info] [#0:script/workspace/loading.lua:169]: Loaded files takes [1.070] sec: file:///Users/jeffpark/.local/share/lunarvim/lvim
[00:41:08.744][info] [#0:script/workspace/loading.lua:178]: Compile files takes [0.000] sec: file:///Users/jeffpark/.local/share/lunarvim/lvim
[00:41:08.744][info] [#0:script/workspace/loading.lua:179]: Loaded finish:	file:///Users/jeffpark/.local/share/lunarvim/lvim
[00:41:08.744][info] [#0:script/workspace/workspace.lua:349]: Preload finish at:	file:///Users/jeffpark/.local/share/lunarvim/lvim
[00:41:08.900][warn] [#0:script/proto/proto.lua:122]: Response of [workspace/diagnostic/refresh] error [-32601]: MethodNotFound
[00:41:08.900][warn] [#0:script/proto/proto.lua:122]: Response of [workspace/diagnostic/refresh] error [-32601]: MethodNotFound
[00:41:08.901][info] [#0:script/provider/diagnostic.lua:552]: Diagnostics scope [file:///Users/jeffpark/.local/share/lunarvim/lvim], files count:[354]
[00:41:08.913][warn] [#0:script/proto/proto.lua:171]: Method [textDocument/documentSymbol] takes [1.376]sec. {
  id = 2,
  jsonrpc = "2.0",
  method = "textDocument/documentSymbol",
  params = {
    textDocument = {
      uri = "file:///Users/jeffpark/.local/share/lunarvim/lvim/lua/lvim/core/project.lua"
    }
  }
}
[00:41:09.451][info] [#0:script/provider/diagnostic.lua:569]: Diagnostics scope [file:///Users/jeffpark/.local/share/lunarvim/lvim] finished, takes [0.543] sec.
[00:51:34.314][info] [#0:script/service/service.lua:141]: 
========= Medical Examination Report =========
    --------------- Memory ---------------
        Total: 228.565 MB
        # 00 : 227.676 MB
        # 01 : 0.050 MB
        # 02 : 0.412 MB
        # 03 : 0.050 MB
        # 04 : 0.377 MB
    --------------- Coroutine ---------------
        Total:     48
        Running:   0
        Suspended: 0
        Normal:    0
        Dead:      48
    --------------- Cache ---------------
        Total: 1
        Dead:  0
    ---------------  RPC  ---------------
        Holdon:   0
        Waiting:  0
==============================================
[01:01:34.517][info] [#0:script/service/service.lua:141]: 
========= Medical Examination Report =========
    --------------- Memory ---------------
        Total: 229.331 MB
        # 00 : 228.442 MB
        # 01 : 0.050 MB
        # 02 : 0.412 MB
        # 03 : 0.050 MB
        # 04 : 0.377 MB
    --------------- Coroutine ---------------
        Total:     48
        Running:   0
        Suspended: 0
        Normal:    0
        Dead:      48
    --------------- Cache ---------------
        Total: 1
        Dead:  0
    ---------------  RPC  ---------------
        Holdon:   0
        Waiting:  0
==============================================
[01:11:34.697][info] [#0:script/service/service.lua:141]: 
========= Medical Examination Report =========
    --------------- Memory ---------------
        Total: 230.099 MB
        # 00 : 229.210 MB
        # 01 : 0.050 MB
        # 02 : 0.412 MB
        # 03 : 0.050 MB
        # 04 : 0.377 MB
    --------------- Coroutine ---------------
        Total:     48
        Running:   0
        Suspended: 0
        Normal:    0
        Dead:      48
    --------------- Cache ---------------
        Total: 1
        Dead:  0
    ---------------  RPC  ---------------
        Holdon:   0
        Waiting:  0
==============================================
[01:13:56.822][warn] [#0:script/pub/report.lua:25]: Load proto error:	Disconnected!
