[03:06:47.414][info] [#0:/Users/jeffpark/.local/share/nvim/mason/packages/lua-language-server/extension/server/main.lua:66]: Lua Lsp startup, root: 	/Users/jeffpark/.local/share/nvim/mason/packages/lua-language-server/extension/server
[03:06:47.415][info] [#0:/Users/jeffpark/.local/share/nvim/mason/packages/lua-language-server/extension/server/main.lua:67]: ROOT:	/Users/jeffpark/.local/share/nvim/mason/packages/lua-language-server/extension/server
[03:06:47.415][info] [#0:/Users/jeffpark/.local/share/nvim/mason/packages/lua-language-server/extension/server/main.lua:68]: LOGPATH:	/Users/jeffpark/.local/share/nvim/mason/packages/lua-language-server/extension/server/log
[03:06:47.415][info] [#0:/Users/jeffpark/.local/share/nvim/mason/packages/lua-language-server/extension/server/main.lua:69]: METAPATH:	/Users/jeffpark/.local/share/nvim/mason/packages/lua-language-server/extension/server/meta
[03:06:47.415][info] [#0:/Users/jeffpark/.local/share/nvim/mason/packages/lua-language-server/extension/server/main.lua:70]: VERSION:	3.6.4-dev
[03:06:47.442][info] [#0:script/service/service.lua:141]: 
========= Medical Examination Report =========
    --------------- Memory ---------------
        Total: 1.563 MB
        # 00 : 1.563 MB
        # 01 : 0.000 MB
        # 02 : 0.000 MB
        # 03 : 0.000 MB
        # 04 : 0.000 MB
    --------------- Coroutine ---------------
        Total:     0
        Running:   0
        Suspended: 0
        Normal:    0
        Dead:      0
    --------------- Cache ---------------
        Total: 1
        Dead:  0
    ---------------  RPC  ---------------
        Holdon:   0
        Waiting:  0
==============================================
[03:06:47.447][info] [#0:script/language.lua:137]: VSC language: nil
[03:06:47.447][info] [#0:script/language.lua:138]: LS  language: en-us
[03:06:47.447][info] [#0:script/workspace/workspace.lua:38]: Workspace init root: 	file:///Users/jeffpark/.jp_setup/lunarvim/site/pack/packer/start/telescope.nvim
[03:06:47.447][info] [#0:script/workspace/workspace.lua:42]: Log path: 	/Users/jeffpark/.local/share/nvim/mason/packages/lua-language-server/extension/server/log/file_Users_jeffpark_.jp_setup_lunarvim_site_pack_packer_start_telescope.nvim.log
[03:06:47.448][info] [#0:script/workspace/workspace.lua:51]: Workspace create: 	file:///Users/jeffpark/.jp_setup/lunarvim/site/pack/packer/start/telescope.nvim
[03:06:47.555][info] [#0:script/provider/provider.lua:41]: Load config from client	file:///Users/jeffpark/.jp_setup/lunarvim/site/pack/packer/start/telescope.nvim
[03:06:47.555][info] [#0:script/provider/provider.lua:42]: {
  Lua = {
    diagnostics = {
      globals = { "vim", "lvim", "packer_plugins", "reload" }
    },
    runtime = {
      special = {
        reload = "require"
      },
      version = "LuaJIT"
    },
    telemetry = {
      enable = false
    },
    workspace = {
      checkThirdParty = false,
      library = { "/opt/homebrew/Cellar/neovim/0.8.1/share/nvim/runtime", "/Users/jeffpark/.local/share/lunarvim/lvim", "/Users/jeffpark/.jp_setup/lunarvim/site/pack/packer/opt/neodev.nvim/types/stable", "/Users/jeffpark/.local/share/lunarvim/site/pack/packer/start/LuaSnip/lua", "/Users/jeffpark/.local/share/lunarvim/site/pack/packer/start/plenary.nvim/lua", "/Users/jeffpark/.local/share/lunarvim/site/pack/packer/start/telescope.nvim/lua" },
      maxPreload = 5000,
      preloadFileSize = 10000
    }
  }
}
[03:06:47.555][info] [#0:script/provider/provider.lua:41]: Load config from client	file:///Users/jeffpark/.jp_setup/lunarvim/site/pack/packer/start/telescope.nvim
[03:06:47.555][info] [#0:script/provider/provider.lua:42]: {
  Lua = {
    diagnostics = {
      globals = { "vim", "lvim", "packer_plugins", "reload" }
    },
    runtime = {
      special = {
        reload = "require"
      },
      version = "LuaJIT"
    },
    telemetry = {
      enable = false
    },
    workspace = {
      checkThirdParty = false,
      library = { "/opt/homebrew/Cellar/neovim/0.8.1/share/nvim/runtime", "/Users/jeffpark/.local/share/lunarvim/lvim", "/Users/jeffpark/.jp_setup/lunarvim/site/pack/packer/opt/neodev.nvim/types/stable", "/Users/jeffpark/.local/share/lunarvim/site/pack/packer/start/LuaSnip/lua", "/Users/jeffpark/.local/share/lunarvim/site/pack/packer/start/plenary.nvim/lua", "/Users/jeffpark/.local/share/lunarvim/site/pack/packer/start/telescope.nvim/lua" },
      maxPreload = 5000,
      preloadFileSize = 10000
    }
  }
}
[03:06:47.555][info] [#0:script/provider/provider.lua:41]: Load config from client	file:///Users/jeffpark/.jp_setup/lunarvim/site/pack/packer/start/telescope.nvim
[03:06:47.555][info] [#0:script/provider/provider.lua:42]: {
  Lua = {
    diagnostics = {
      globals = { "vim", "lvim", "packer_plugins", "reload" }
    },
    runtime = {
      special = {
        reload = "require"
      },
      version = "LuaJIT"
    },
    telemetry = {
      enable = false
    },
    workspace = {
      checkThirdParty = false,
      library = { "/opt/homebrew/Cellar/neovim/0.8.1/share/nvim/runtime", "/Users/jeffpark/.local/share/lunarvim/lvim", "/Users/jeffpark/.jp_setup/lunarvim/site/pack/packer/opt/neodev.nvim/types/stable", "/Users/jeffpark/.local/share/lunarvim/site/pack/packer/start/LuaSnip/lua", "/Users/jeffpark/.local/share/lunarvim/site/pack/packer/start/plenary.nvim/lua", "/Users/jeffpark/.local/share/lunarvim/site/pack/packer/start/telescope.nvim/lua" },
      maxPreload = 5000,
      preloadFileSize = 10000
    }
  }
}
[03:06:47.661][info] [#0:script/provider/provider.lua:56]: Load config from client	fallback
[03:06:47.661][info] [#0:script/provider/provider.lua:57]: {
  Lua = {
    diagnostics = {
      globals = { "vim", "lvim", "packer_plugins", "reload" }
    },
    runtime = {
      special = {
        reload = "require"
      },
      version = "LuaJIT"
    },
    telemetry = {
      enable = false
    },
    workspace = {
      checkThirdParty = false,
      library = { "/opt/homebrew/Cellar/neovim/0.8.1/share/nvim/runtime", "/Users/jeffpark/.local/share/lunarvim/lvim", "/Users/jeffpark/.jp_setup/lunarvim/site/pack/packer/opt/neodev.nvim/types/stable", "/Users/jeffpark/.local/share/lunarvim/site/pack/packer/start/LuaSnip/lua", "/Users/jeffpark/.local/share/lunarvim/site/pack/packer/start/plenary.nvim/lua", "/Users/jeffpark/.local/share/lunarvim/site/pack/packer/start/telescope.nvim/lua" },
      maxPreload = 5000,
      preloadFileSize = 10000
    }
  }
}
[03:06:47.661][info] [#0:script/library.lua:209]: Init builtin library at:	file:///Users/jeffpark/.jp_setup/lunarvim/site/pack/packer/start/telescope.nvim
[03:06:47.678][info] [#0:script/plugin.lua:86]: plugin path:	/Users/jeffpark/.jp_setup/lunarvim/site/pack/packer/start/telescope.nvim
[03:06:47.678][warn] [#0:script/plugin.lua:101]: plugin not found:	/Users/jeffpark/.jp_setup/lunarvim/site/pack/packer/start/telescope.nvim
[03:06:47.678][info] [#0:script/library.lua:209]: Init builtin library at:	nil
[03:06:47.692][info] [#0:script/provider/provider.lua:56]: Load config from client	fallback
[03:06:47.693][info] [#0:script/provider/provider.lua:57]: {
  Lua = {
    diagnostics = {
      globals = { "vim", "lvim", "packer_plugins", "reload" }
    },
    runtime = {
      special = {
        reload = "require"
      },
      version = "LuaJIT"
    },
    telemetry = {
      enable = false
    },
    workspace = {
      checkThirdParty = false,
      library = { "/opt/homebrew/Cellar/neovim/0.8.1/share/nvim/runtime", "/Users/jeffpark/.local/share/lunarvim/lvim", "/Users/jeffpark/.jp_setup/lunarvim/site/pack/packer/opt/neodev.nvim/types/stable", "/Users/jeffpark/.local/share/lunarvim/site/pack/packer/start/LuaSnip/lua", "/Users/jeffpark/.local/share/lunarvim/site/pack/packer/start/plenary.nvim/lua", "/Users/jeffpark/.local/share/lunarvim/site/pack/packer/start/telescope.nvim/lua" },
      maxPreload = 5000,
      preloadFileSize = 10000
    }
  }
}
[03:06:47.693][info] [#0:script/provider/provider.lua:56]: Load config from client	fallback
[03:06:47.693][info] [#0:script/provider/provider.lua:57]: {
  Lua = {
    diagnostics = {
      globals = { "vim", "lvim", "packer_plugins", "reload" }
    },
    runtime = {
      special = {
        reload = "require"
      },
      version = "LuaJIT"
    },
    telemetry = {
      enable = false
    },
    workspace = {
      checkThirdParty = false,
      library = { "/opt/homebrew/Cellar/neovim/0.8.1/share/nvim/runtime", "/Users/jeffpark/.local/share/lunarvim/lvim", "/Users/jeffpark/.jp_setup/lunarvim/site/pack/packer/opt/neodev.nvim/types/stable", "/Users/jeffpark/.local/share/lunarvim/site/pack/packer/start/LuaSnip/lua", "/Users/jeffpark/.local/share/lunarvim/site/pack/packer/start/plenary.nvim/lua", "/Users/jeffpark/.local/share/lunarvim/site/pack/packer/start/telescope.nvim/lua" },
      maxPreload = 5000,
      preloadFileSize = 10000
    }
  }
}
[03:06:47.798][info] [#0:script/workspace/workspace.lua:304]: Preload start:	file:///Users/jeffpark/.jp_setup/lunarvim/site/pack/packer/start/telescope.nvim
[03:06:47.799][info] [#0:script/workspace/workspace.lua:310]: Scan files at:	file:///Users/jeffpark/.jp_setup/lunarvim/site/pack/packer/start/telescope.nvim
[03:06:47.801][info] [#0:script/workspace/workspace.lua:304]: Preload start:	<fallback>
[03:06:47.802][info] [#0:script/workspace/workspace.lua:327]: Scan library at:	file:///opt/homebrew/Cellar/neovim/0.8.1/share/nvim/runtime
[03:06:47.828][info] [#0:script/workspace/workspace.lua:327]: Scan library at:	file:///opt/homebrew/Cellar/neovim/0.8.1/share/nvim/runtime
[03:06:47.901][info] [#0:script/workspace/workspace.lua:327]: Scan library at:	file:///Users/jeffpark/.local/share/nvim/mason/packages/lua-language-server/extension/server/meta/LuaJIT%20en-us%20utf8
[03:06:47.904][info] [#0:script/workspace/workspace.lua:327]: Scan library at:	file:///Users/jeffpark/.jp_setup/lunarvim/site/pack/packer/opt/neodev.nvim/types/stable
[03:06:47.905][info] [#0:script/workspace/workspace.lua:327]: Scan library at:	file:///Users/jeffpark/.local/share/lunarvim/site/pack/packer/start/telescope.nvim/lua
[03:06:47.918][info] [#0:script/workspace/workspace.lua:327]: Scan library at:	file:///Users/jeffpark/.local/share/lunarvim/site/pack/packer/start/LuaSnip/lua
[03:06:47.924][info] [#0:script/workspace/workspace.lua:327]: Scan library at:	file:///Users/jeffpark/.local/share/nvim/mason/packages/lua-language-server/extension/server/meta/LuaJIT%20en-us%20utf8
[03:06:47.929][info] [#0:script/workspace/workspace.lua:327]: Scan library at:	file:///Users/jeffpark/.jp_setup/lunarvim/site/pack/packer/opt/neodev.nvim/types/stable
[03:06:47.930][info] [#0:script/workspace/workspace.lua:327]: Scan library at:	file:///Users/jeffpark/.local/share/lunarvim/site/pack/packer/start/telescope.nvim/lua
[03:06:47.932][info] [#0:script/workspace/workspace.lua:327]: Scan library at:	file:///Users/jeffpark/.local/share/lunarvim/lvim
[03:06:47.957][info] [#0:script/workspace/workspace.lua:327]: Scan library at:	file:///Users/jeffpark/.local/share/lunarvim/site/pack/packer/start/LuaSnip/lua
[03:06:47.963][info] [#0:script/workspace/workspace.lua:327]: Scan library at:	file:///Users/jeffpark/.local/share/lunarvim/lvim
[03:06:47.974][info] [#0:script/workspace/workspace.lua:327]: Scan library at:	file:///Users/jeffpark/.local/share/lunarvim/site/pack/packer/start/plenary.nvim/lua
[03:06:47.988][info] [#0:script/workspace/workspace.lua:327]: Scan library at:	file:///Users/jeffpark/.local/share/lunarvim/site/pack/packer/start/plenary.nvim/lua
[03:06:48.098][info] [#0:script/workspace/workspace.lua:347]: Found 354 files at:	<fallback>
[03:06:48.098][info] [#0:script/workspace/loading.lua:157]: Load files from disk:	<fallback>
[03:06:48.098][info] [#0:script/workspace/workspace.lua:347]: Found 426 files at:	file:///Users/jeffpark/.jp_setup/lunarvim/site/pack/packer/start/telescope.nvim
[03:06:48.098][info] [#0:script/workspace/loading.lua:157]: Load files from disk:	file:///Users/jeffpark/.jp_setup/lunarvim/site/pack/packer/start/telescope.nvim
[03:06:49.140][info] [#0:script/workspace/loading.lua:169]: Loaded files takes [1.093] sec: <fallback>
[03:06:49.141][info] [#0:script/workspace/loading.lua:178]: Compile files takes [0.000] sec: <fallback>
[03:06:49.141][info] [#0:script/workspace/loading.lua:179]: Loaded finish:	<fallback>
[03:06:49.141][info] [#0:script/workspace/workspace.lua:349]: Preload finish at:	<fallback>
[03:06:49.167][warn] [#0:script/proto/proto.lua:122]: Response of [workspace/diagnostic/refresh] error [-32601]: MethodNotFound
[03:06:49.475][info] [#0:script/workspace/loading.lua:169]: Loaded files takes [1.222] sec: file:///Users/jeffpark/.jp_setup/lunarvim/site/pack/packer/start/telescope.nvim
[03:06:49.475][info] [#0:script/workspace/loading.lua:178]: Compile files takes [0.000] sec: file:///Users/jeffpark/.jp_setup/lunarvim/site/pack/packer/start/telescope.nvim
[03:06:49.475][info] [#0:script/workspace/loading.lua:179]: Loaded finish:	file:///Users/jeffpark/.jp_setup/lunarvim/site/pack/packer/start/telescope.nvim
[03:06:49.475][info] [#0:script/workspace/workspace.lua:349]: Preload finish at:	file:///Users/jeffpark/.jp_setup/lunarvim/site/pack/packer/start/telescope.nvim
[03:06:49.630][info] [#0:script/provider/diagnostic.lua:552]: Diagnostics scope [file:///Users/jeffpark/.jp_setup/lunarvim/site/pack/packer/start/telescope.nvim], files count:[426]
[03:06:49.630][warn] [#0:script/proto/proto.lua:122]: Response of [workspace/diagnostic/refresh] error [-32601]: MethodNotFound
[03:06:49.638][warn] [#0:script/proto/proto.lua:171]: Method [textDocument/documentSymbol] takes [1.547]sec. {
  id = 2,
  jsonrpc = "2.0",
  method = "textDocument/documentSymbol",
  params = {
    textDocument = {
      uri = "file:///Users/jeffpark/.jp_setup/lunarvim/site/pack/packer/start/telescope.nvim/lua/telescope/config/resolve.lua"
    }
  }
}
[03:06:50.520][info] [#0:script/provider/diagnostic.lua:569]: Diagnostics scope [file:///Users/jeffpark/.jp_setup/lunarvim/site/pack/packer/start/telescope.nvim] finished, takes [0.881] sec.
[03:12:57.480][info] [#0:script/provider/provider.lua:170]: Server shutdown.
[03:12:57.480][warn] [#0:script/pub/report.lua:25]: Load proto error:	Disconnected!
