[03:10:19.924][info] [#0:/Users/jeffpark/.local/share/nvim/mason/packages/lua-language-server/extension/server/main.lua:66]: Lua Lsp startup, root: 	/Users/jeffpark/.local/share/nvim/mason/packages/lua-language-server/extension/server
[03:10:19.925][info] [#0:/Users/jeffpark/.local/share/nvim/mason/packages/lua-language-server/extension/server/main.lua:67]: ROOT:	/Users/jeffpark/.local/share/nvim/mason/packages/lua-language-server/extension/server
[03:10:19.925][info] [#0:/Users/jeffpark/.local/share/nvim/mason/packages/lua-language-server/extension/server/main.lua:68]: LOGPATH:	/Users/jeffpark/.local/share/nvim/mason/packages/lua-language-server/extension/server/log
[03:10:19.925][info] [#0:/Users/jeffpark/.local/share/nvim/mason/packages/lua-language-server/extension/server/main.lua:69]: METAPATH:	/Users/jeffpark/.local/share/nvim/mason/packages/lua-language-server/extension/server/meta
[03:10:19.925][info] [#0:/Users/jeffpark/.local/share/nvim/mason/packages/lua-language-server/extension/server/main.lua:70]: VERSION:	3.6.4-dev
[03:10:19.957][info] [#0:script/service/service.lua:141]: 
========= Medical Examination Report =========
    --------------- Memory ---------------
        Total: 1.563 MB
        # 00 : 1.563 MB
        # 01 : 0.000 MB
        # 02 : 0.000 MB
        # 03 : 0.000 MB
        # 04 : 0.000 MB
    --------------- Coroutine ---------------
        Total:     0
        Running:   0
        Suspended: 0
        Normal:    0
        Dead:      0
    --------------- Cache ---------------
        Total: 1
        Dead:  0
    ---------------  RPC  ---------------
        Holdon:   0
        Waiting:  0
==============================================
[03:10:19.963][info] [#0:script/language.lua:137]: VSC language: nil
[03:10:19.963][info] [#0:script/language.lua:138]: LS  language: en-us
[03:10:19.963][info] [#0:script/workspace/workspace.lua:38]: Workspace init root: 	file:///Users/jeffpark/.jp_setup/lunarvim/lvim
[03:10:19.963][info] [#0:script/workspace/workspace.lua:42]: Log path: 	/Users/jeffpark/.local/share/nvim/mason/packages/lua-language-server/extension/server/log/file_Users_jeffpark_.jp_setup_lunarvim_lvim.log
[03:10:19.964][info] [#0:script/workspace/workspace.lua:51]: Workspace create: 	file:///Users/jeffpark/.jp_setup/lunarvim/lvim
[03:10:20.175][info] [#0:script/provider/provider.lua:41]: Load config from client	file:///Users/jeffpark/.jp_setup/lunarvim/lvim
[03:10:20.175][info] [#0:script/provider/provider.lua:42]: {
  Lua = {
    diagnostics = {
      globals = { "vim", "lvim", "packer_plugins", "reload" }
    },
    runtime = {
      special = {
        reload = "require"
      },
      version = "LuaJIT"
    },
    telemetry = {
      enable = false
    },
    workspace = {
      checkThirdParty = false,
      library = { "/opt/homebrew/Cellar/neovim/0.8.1/share/nvim/runtime", "/Users/jeffpark/.local/share/lunarvim/lvim", "/Users/jeffpark/.jp_setup/lunarvim/site/pack/packer/opt/neodev.nvim/types/stable", "/Users/jeffpark/.local/share/lunarvim/site/pack/packer/start/LuaSnip/lua", "/Users/jeffpark/.local/share/lunarvim/site/pack/packer/start/plenary.nvim/lua", "/Users/jeffpark/.local/share/lunarvim/site/pack/packer/start/telescope.nvim/lua" },
      maxPreload = 5000,
      preloadFileSize = 10000
    }
  }
}
[03:10:20.176][info] [#0:script/provider/provider.lua:48]: Load config from .luarc.json/.luarc.jsonc	file:///Users/jeffpark/.jp_setup/lunarvim/lvim
[03:10:20.176][info] [#0:script/provider/provider.lua:49]: {
  ["$schema"] = "https://raw.githubusercontent.com/sumneko/vscode-lua/master/setting/schema.json",
  ["Lua.diagnostics.disable"] = { "redundant-parameter", "param-type-mismatch", "missing-parameter" },
  ["diagnostics.libraryFiles"] = "Disable"
}
[03:10:20.176][info] [#0:script/provider/provider.lua:41]: Load config from client	file:///Users/jeffpark/.jp_setup/lunarvim/lvim
[03:10:20.176][info] [#0:script/provider/provider.lua:42]: {
  Lua = {
    diagnostics = {
      globals = { "vim", "lvim", "packer_plugins", "reload" }
    },
    runtime = {
      special = {
        reload = "require"
      },
      version = "LuaJIT"
    },
    telemetry = {
      enable = false
    },
    workspace = {
      checkThirdParty = false,
      library = { "/opt/homebrew/Cellar/neovim/0.8.1/share/nvim/runtime", "/Users/jeffpark/.local/share/lunarvim/lvim", "/Users/jeffpark/.jp_setup/lunarvim/site/pack/packer/opt/neodev.nvim/types/stable", "/Users/jeffpark/.local/share/lunarvim/site/pack/packer/start/LuaSnip/lua", "/Users/jeffpark/.local/share/lunarvim/site/pack/packer/start/plenary.nvim/lua", "/Users/jeffpark/.local/share/lunarvim/site/pack/packer/start/telescope.nvim/lua" },
      maxPreload = 5000,
      preloadFileSize = 10000
    }
  }
}
[03:10:20.176][info] [#0:script/provider/provider.lua:48]: Load config from .luarc.json/.luarc.jsonc	file:///Users/jeffpark/.jp_setup/lunarvim/lvim
[03:10:20.176][info] [#0:script/provider/provider.lua:49]: {
  ["$schema"] = "https://raw.githubusercontent.com/sumneko/vscode-lua/master/setting/schema.json",
  ["Lua.diagnostics.disable"] = { "redundant-parameter", "param-type-mismatch", "missing-parameter" },
  ["diagnostics.libraryFiles"] = "Disable"
}
[03:10:20.177][info] [#0:script/provider/provider.lua:41]: Load config from client	file:///Users/jeffpark/.jp_setup/lunarvim/lvim
[03:10:20.177][info] [#0:script/provider/provider.lua:42]: {
  Lua = {
    diagnostics = {
      globals = { "vim", "lvim", "packer_plugins", "reload" }
    },
    runtime = {
      special = {
        reload = "require"
      },
      version = "LuaJIT"
    },
    telemetry = {
      enable = false
    },
    workspace = {
      checkThirdParty = false,
      library = { "/opt/homebrew/Cellar/neovim/0.8.1/share/nvim/runtime", "/Users/jeffpark/.local/share/lunarvim/lvim", "/Users/jeffpark/.jp_setup/lunarvim/site/pack/packer/opt/neodev.nvim/types/stable", "/Users/jeffpark/.local/share/lunarvim/site/pack/packer/start/LuaSnip/lua", "/Users/jeffpark/.local/share/lunarvim/site/pack/packer/start/plenary.nvim/lua", "/Users/jeffpark/.local/share/lunarvim/site/pack/packer/start/telescope.nvim/lua" },
      maxPreload = 5000,
      preloadFileSize = 10000
    }
  }
}
[03:10:20.177][info] [#0:script/provider/provider.lua:48]: Load config from .luarc.json/.luarc.jsonc	file:///Users/jeffpark/.jp_setup/lunarvim/lvim
[03:10:20.177][info] [#0:script/provider/provider.lua:49]: {
  ["$schema"] = "https://raw.githubusercontent.com/sumneko/vscode-lua/master/setting/schema.json",
  ["Lua.diagnostics.disable"] = { "redundant-parameter", "param-type-mismatch", "missing-parameter" },
  ["diagnostics.libraryFiles"] = "Disable"
}
[03:10:20.282][info] [#0:script/provider/provider.lua:56]: Load config from client	fallback
[03:10:20.282][info] [#0:script/provider/provider.lua:57]: {
  Lua = {
    diagnostics = {
      globals = { "vim", "lvim", "packer_plugins", "reload" }
    },
    runtime = {
      special = {
        reload = "require"
      },
      version = "LuaJIT"
    },
    telemetry = {
      enable = false
    },
    workspace = {
      checkThirdParty = false,
      library = { "/opt/homebrew/Cellar/neovim/0.8.1/share/nvim/runtime", "/Users/jeffpark/.local/share/lunarvim/lvim", "/Users/jeffpark/.jp_setup/lunarvim/site/pack/packer/opt/neodev.nvim/types/stable", "/Users/jeffpark/.local/share/lunarvim/site/pack/packer/start/LuaSnip/lua", "/Users/jeffpark/.local/share/lunarvim/site/pack/packer/start/plenary.nvim/lua", "/Users/jeffpark/.local/share/lunarvim/site/pack/packer/start/telescope.nvim/lua" },
      maxPreload = 5000,
      preloadFileSize = 10000
    }
  }
}
[03:10:20.282][info] [#0:script/library.lua:209]: Init builtin library at:	file:///Users/jeffpark/.jp_setup/lunarvim/lvim
[03:10:20.292][info] [#0:script/plugin.lua:86]: plugin path:	/Users/jeffpark/.jp_setup/lunarvim/lvim
[03:10:20.293][warn] [#0:script/plugin.lua:101]: plugin not found:	/Users/jeffpark/.jp_setup/lunarvim/lvim
[03:10:20.293][info] [#0:script/library.lua:209]: Init builtin library at:	nil
[03:10:20.302][info] [#0:script/provider/provider.lua:56]: Load config from client	fallback
[03:10:20.302][info] [#0:script/provider/provider.lua:57]: {
  Lua = {
    diagnostics = {
      globals = { "vim", "lvim", "packer_plugins", "reload" }
    },
    runtime = {
      special = {
        reload = "require"
      },
      version = "LuaJIT"
    },
    telemetry = {
      enable = false
    },
    workspace = {
      checkThirdParty = false,
      library = { "/opt/homebrew/Cellar/neovim/0.8.1/share/nvim/runtime", "/Users/jeffpark/.local/share/lunarvim/lvim", "/Users/jeffpark/.jp_setup/lunarvim/site/pack/packer/opt/neodev.nvim/types/stable", "/Users/jeffpark/.local/share/lunarvim/site/pack/packer/start/LuaSnip/lua", "/Users/jeffpark/.local/share/lunarvim/site/pack/packer/start/plenary.nvim/lua", "/Users/jeffpark/.local/share/lunarvim/site/pack/packer/start/telescope.nvim/lua" },
      maxPreload = 5000,
      preloadFileSize = 10000
    }
  }
}
[03:10:20.302][info] [#0:script/provider/provider.lua:56]: Load config from client	fallback
[03:10:20.302][info] [#0:script/provider/provider.lua:57]: {
  Lua = {
    diagnostics = {
      globals = { "vim", "lvim", "packer_plugins", "reload" }
    },
    runtime = {
      special = {
        reload = "require"
      },
      version = "LuaJIT"
    },
    telemetry = {
      enable = false
    },
    workspace = {
      checkThirdParty = false,
      library = { "/opt/homebrew/Cellar/neovim/0.8.1/share/nvim/runtime", "/Users/jeffpark/.local/share/lunarvim/lvim", "/Users/jeffpark/.jp_setup/lunarvim/site/pack/packer/opt/neodev.nvim/types/stable", "/Users/jeffpark/.local/share/lunarvim/site/pack/packer/start/LuaSnip/lua", "/Users/jeffpark/.local/share/lunarvim/site/pack/packer/start/plenary.nvim/lua", "/Users/jeffpark/.local/share/lunarvim/site/pack/packer/start/telescope.nvim/lua" },
      maxPreload = 5000,
      preloadFileSize = 10000
    }
  }
}
[03:10:20.408][info] [#0:script/workspace/workspace.lua:304]: Preload start:	file:///Users/jeffpark/.jp_setup/lunarvim/lvim
[03:10:20.409][info] [#0:script/workspace/workspace.lua:310]: Scan files at:	file:///Users/jeffpark/.jp_setup/lunarvim/lvim
[03:10:20.410][info] [#0:script/workspace/workspace.lua:304]: Preload start:	<fallback>
[03:10:20.410][info] [#0:script/workspace/workspace.lua:327]: Scan library at:	file:///opt/homebrew/Cellar/neovim/0.8.1/share/nvim/runtime
[03:10:20.428][info] [#0:script/workspace/workspace.lua:327]: Scan library at:	file:///opt/homebrew/Cellar/neovim/0.8.1/share/nvim/runtime
[03:10:20.498][info] [#0:script/workspace/workspace.lua:327]: Scan library at:	file:///Users/jeffpark/.local/share/nvim/mason/packages/lua-language-server/extension/server/meta/LuaJIT%20en-us%20utf8
[03:10:20.499][info] [#0:script/workspace/workspace.lua:327]: Scan library at:	file:///Users/jeffpark/.jp_setup/lunarvim/site/pack/packer/opt/neodev.nvim/types/stable
[03:10:20.501][info] [#0:script/workspace/workspace.lua:327]: Scan library at:	file:///Users/jeffpark/.local/share/lunarvim/site/pack/packer/start/telescope.nvim/lua
[03:10:20.507][info] [#0:script/workspace/workspace.lua:327]: Scan library at:	file:///Users/jeffpark/.local/share/lunarvim/site/pack/packer/start/LuaSnip/lua
[03:10:20.511][info] [#0:script/workspace/workspace.lua:327]: Scan library at:	file:///Users/jeffpark/.local/share/lunarvim/lvim
[03:10:20.516][info] [#0:script/workspace/workspace.lua:327]: Scan library at:	file:///Users/jeffpark/.local/share/nvim/mason/packages/lua-language-server/extension/server/meta/LuaJIT%20en-us%20utf8
[03:10:20.519][info] [#0:script/workspace/workspace.lua:327]: Scan library at:	file:///Users/jeffpark/.jp_setup/lunarvim/site/pack/packer/opt/neodev.nvim/types/stable
[03:10:20.520][info] [#0:script/workspace/workspace.lua:327]: Scan library at:	file:///Users/jeffpark/.local/share/lunarvim/site/pack/packer/start/telescope.nvim/lua
[03:10:20.529][info] [#0:script/workspace/workspace.lua:327]: Scan library at:	file:///Users/jeffpark/.local/share/lunarvim/site/pack/packer/start/LuaSnip/lua
[03:10:20.536][info] [#0:script/workspace/workspace.lua:327]: Scan library at:	file:///Users/jeffpark/.local/share/lunarvim/lvim
[03:10:20.537][info] [#0:script/workspace/workspace.lua:327]: Scan library at:	file:///Users/jeffpark/.local/share/lunarvim/site/pack/packer/start/plenary.nvim/lua
[03:10:20.559][info] [#0:script/workspace/workspace.lua:327]: Scan library at:	file:///Users/jeffpark/.local/share/lunarvim/site/pack/packer/start/plenary.nvim/lua
[03:10:20.670][info] [#0:script/workspace/workspace.lua:347]: Found 354 files at:	<fallback>
[03:10:20.670][info] [#0:script/workspace/loading.lua:157]: Load files from disk:	<fallback>
[03:10:20.670][info] [#0:script/workspace/workspace.lua:347]: Found 438 files at:	file:///Users/jeffpark/.jp_setup/lunarvim/lvim
[03:10:20.670][info] [#0:script/workspace/loading.lua:157]: Load files from disk:	file:///Users/jeffpark/.jp_setup/lunarvim/lvim
[03:10:21.707][info] [#0:script/workspace/loading.lua:169]: Loaded files takes [1.088] sec: <fallback>
[03:10:21.707][info] [#0:script/workspace/loading.lua:178]: Compile files takes [0.000] sec: <fallback>
[03:10:21.707][info] [#0:script/workspace/loading.lua:179]: Loaded finish:	<fallback>
[03:10:21.707][info] [#0:script/workspace/workspace.lua:349]: Preload finish at:	<fallback>
[03:10:21.747][warn] [#0:script/proto/proto.lua:122]: Response of [workspace/diagnostic/refresh] error [-32601]: MethodNotFound
[03:10:22.000][info] [#0:script/workspace/loading.lua:169]: Loaded files takes [1.181] sec: file:///Users/jeffpark/.jp_setup/lunarvim/lvim
[03:10:22.001][info] [#0:script/workspace/loading.lua:178]: Compile files takes [0.000] sec: file:///Users/jeffpark/.jp_setup/lunarvim/lvim
[03:10:22.001][info] [#0:script/workspace/loading.lua:179]: Loaded finish:	file:///Users/jeffpark/.jp_setup/lunarvim/lvim
[03:10:22.001][info] [#0:script/workspace/workspace.lua:349]: Preload finish at:	file:///Users/jeffpark/.jp_setup/lunarvim/lvim
[03:10:22.163][info] [#0:script/provider/diagnostic.lua:552]: Diagnostics scope [file:///Users/jeffpark/.jp_setup/lunarvim/lvim], files count:[438]
[03:10:22.163][warn] [#0:script/proto/proto.lua:122]: Response of [workspace/diagnostic/refresh] error [-32601]: MethodNotFound
[03:10:22.167][warn] [#0:script/proto/proto.lua:171]: Method [textDocument/documentSymbol] takes [1.503]sec. {
  id = 2,
  jsonrpc = "2.0",
  method = "textDocument/documentSymbol",
  params = {
    textDocument = {
      uri = "file:///Users/jeffpark/.jp_setup/lunarvim/lvim/init.lua"
    }
  }
}
[03:10:22.754][info] [#0:script/provider/diagnostic.lua:569]: Diagnostics scope [file:///Users/jeffpark/.jp_setup/lunarvim/lvim] finished, takes [0.582] sec.
[03:12:57.391][info] [#0:script/provider/provider.lua:170]: Server shutdown.
[03:12:57.498][info] [#0:script/provider/provider.lua:163]: Server exited.
