[03:31:56.657][info] [#0:/Users/jeffpark/.local/share/nvim/mason/packages/lua-language-server/extension/server/main.lua:66]: Lua Lsp startup, root: 	/Users/jeffpark/.local/share/nvim/mason/packages/lua-language-server/extension/server
[03:31:56.658][info] [#0:/Users/jeffpark/.local/share/nvim/mason/packages/lua-language-server/extension/server/main.lua:67]: ROOT:	/Users/jeffpark/.local/share/nvim/mason/packages/lua-language-server/extension/server
[03:31:56.658][info] [#0:/Users/jeffpark/.local/share/nvim/mason/packages/lua-language-server/extension/server/main.lua:68]: LOGPATH:	/Users/jeffpark/.local/share/nvim/mason/packages/lua-language-server/extension/server/log
[03:31:56.658][info] [#0:/Users/jeffpark/.local/share/nvim/mason/packages/lua-language-server/extension/server/main.lua:69]: METAPATH:	/Users/jeffpark/.local/share/nvim/mason/packages/lua-language-server/extension/server/meta
[03:31:56.659][info] [#0:/Users/jeffpark/.local/share/nvim/mason/packages/lua-language-server/extension/server/main.lua:70]: VERSION:	3.6.4-dev
[03:31:56.685][info] [#0:script/service/service.lua:141]: 
========= Medical Examination Report =========
    --------------- Memory ---------------
        Total: 1.563 MB
        # 00 : 1.563 MB
        # 01 : 0.000 MB
        # 02 : 0.000 MB
        # 03 : 0.000 MB
        # 04 : 0.000 MB
    --------------- Coroutine ---------------
        Total:     0
        Running:   0
        Suspended: 0
        Normal:    0
        Dead:      0
    --------------- Cache ---------------
        Total: 1
        Dead:  0
    ---------------  RPC  ---------------
        Holdon:   0
        Waiting:  0
==============================================
[03:31:56.690][info] [#0:script/language.lua:137]: VSC language: nil
[03:31:56.690][info] [#0:script/language.lua:138]: LS  language: en-us
[03:31:56.690][info] [#0:script/workspace/workspace.lua:38]: Workspace init root: 	file:///Users/jeffpark/.jp_setup
[03:31:56.690][info] [#0:script/workspace/workspace.lua:42]: Log path: 	/Users/jeffpark/.local/share/nvim/mason/packages/lua-language-server/extension/server/log/file_Users_jeffpark_.jp_setup.log
