current directory: /Users/jeffpark/.local/share/nvim/mason/.packages/solargraph/gems/jaro_winkler-1.5.4/ext/jaro_winkler
/Users/jeffpark/.rbenv/versions/2.7.5/bin/ruby -I /Users/jeffpark/.rbenv/versions/2.7.5/lib/ruby/site_ruby/2.7.0 extconf.rb
creating Makefile

current directory: /Users/jeffpark/.local/share/nvim/mason/.packages/solargraph/gems/jaro_winkler-1.5.4/ext/jaro_winkler
make DESTDIR\= sitearchdir\=./.gem.20221212-58596-1mglakl sitelibdir\=./.gem.20221212-58596-1mglakl clean

current directory: /Users/jeffpark/.local/share/nvim/mason/.packages/solargraph/gems/jaro_winkler-1.5.4/ext/jaro_winkler
make DESTDIR\= sitearchdir\=./.gem.20221212-58596-1mglakl sitelibdir\=./.gem.20221212-58596-1mglakl
compiling adj_matrix.c
compiling codepoints.c
compiling jaro.c
compiling jaro_winkler.c
jaro_winkler.c:19:3: warning: incompatible function pointer types passing 'VALUE (size_t, VALUE *, VALUE)' (aka 'unsigned long (unsigned long, unsigned long *, unsigned long)') to parameter of type 'VALUE (*)(int, union (unnamed union at /Users/jeffpark/.rbenv/versions/2.7.5/include/ruby-2.7.0/ruby/intern.h:1195:1), VALUE)' (aka 'unsigned long (*)(int, union (unnamed at /Users/jeffpark/.rbenv/versions/2.7.5/include/ruby-2.7.0/ruby/intern.h:1195:1), unsigned long)') [-Wincompatible-function-pointer-types]
  rb_define_singleton_method(rb_mJaroWinkler, "distance",
  ^~~~~~~~~~~~~~~~~~~~~~~~~~~~~~~~~~~~~~~~~~~~~~~~~~~~~~~
/Users/jeffpark/.rbenv/versions/2.7.5/include/ruby-2.7.0/ruby/intern.h:1218:137: note: expanded from macro 'rb_define_singleton_method'
#define rb_define_singleton_method(klass, mid, func, arity) rb_define_singleton_method_choose_prototypem3((arity),(func))((klass),(mid),(func),(arity));
                                                                                                                                        ^~~~~~
/Users/jeffpark/.rbenv/versions/2.7.5/include/ruby-2.7.0/ruby/intern.h:1195:1: note: passing argument to parameter 'func' here
RB_METHOD_DEFINITION_DECL(rb_define_singleton_method, (2,3), (VALUE klass, const char *name), (klass, name))
^
/Users/jeffpark/.rbenv/versions/2.7.5/include/ruby-2.7.0/ruby/intern.h:1091:77: note: expanded from macro 'RB_METHOD_DEFINITION_DECL'
RB_METHOD_DEFINITION_DECL_1(def,nonnull,def##m2,-2,decl,vars,(VALUE,VALUE)) \
                                                                            ^
/Users/jeffpark/.rbenv/versions/2.7.5/include/ruby-2.7.0/ruby/intern.h:1108:5: note: expanded from macro '\
RB_METHOD_DEFINITION_DECL_M1'
    RB_METHOD_DEFINITION_DECL_C(def,nonnull,defname,decl,vars,(int,union{VALUE*x;const VALUE*y;}__attribute__((__transparent_union__)),VALUE))
    ^
/Users/jeffpark/.rbenv/versions/2.7.5/include/ruby-2.7.0/ruby/intern.h:1042:118: note: expanded from macro 'RB_METHOD_DEFINITION_DECL_C'
    __attribute__((__unused__,__weakref__(#def),__nonnull__ nonnull))static void defname(RB_UNWRAP_MACRO decl,VALUE(*func)funcargs,int arity);
                                                                                                                     ^
jaro_winkler.c:21:3: warning: incompatible function pointer types passing 'VALUE (size_t, VALUE *, VALUE)' (aka 'unsigned long (unsigned long, unsigned long *, unsigned long)') to parameter of type 'VALUE (*)(int, union (unnamed union at /Users/jeffpark/.rbenv/versions/2.7.5/include/ruby-2.7.0/ruby/intern.h:1195:1), VALUE)' (aka 'unsigned long (*)(int, union (unnamed at /Users/jeffpark/.rbenv/versions/2.7.5/include/ruby-2.7.0/ruby/intern.h:1195:1), unsigned long)') [-Wincompatible-function-pointer-types]
  rb_define_singleton_method(rb_mJaroWinkler, "jaro_distance", rb_jaro_distance,
  ^~~~~~~~~~~~~~~~~~~~~~~~~~~~~~~~~~~~~~~~~~~~~~~~~~~~~~~~~~~~~~~~~~~~~~~~~~~~~~
/Users/jeffpark/.rbenv/versions/2.7.5/include/ruby-2.7.0/ruby/intern.h:1218:137: note: expanded from macro 'rb_define_singleton_method'
#define rb_define_singleton_method(klass, mid, func, arity) rb_define_singleton_method_choose_prototypem3((arity),(func))((klass),(mid),(func),(arity));
                                                                                                                                        ^~~~~~
/Users/jeffpark/.rbenv/versions/2.7.5/include/ruby-2.7.0/ruby/intern.h:1195:1: note: passing argument to parameter 'func' here
RB_METHOD_DEFINITION_DECL(rb_define_singleton_method, (2,3), (VALUE klass, const char *name), (klass, name))
^
/Users/jeffpark/.rbenv/versions/2.7.5/include/ruby-2.7.0/ruby/intern.h:1091:77: note: expanded from macro 'RB_METHOD_DEFINITION_DECL'
RB_METHOD_DEFINITION_DECL_1(def,nonnull,def##m2,-2,decl,vars,(VALUE,VALUE)) \
                                                                            ^
/Users/jeffpark/.rbenv/versions/2.7.5/include/ruby-2.7.0/ruby/intern.h:1108:5: note: expanded from macro '\
RB_METHOD_DEFINITION_DECL_M1'
    RB_METHOD_DEFINITION_DECL_C(def,nonnull,defname,decl,vars,(int,union{VALUE*x;const VALUE*y;}__attribute__((__transparent_union__)),VALUE))
    ^
/Users/jeffpark/.rbenv/versions/2.7.5/include/ruby-2.7.0/ruby/intern.h:1042:118: note: expanded from macro 'RB_METHOD_DEFINITION_DECL_C'
    __attribute__((__unused__,__weakref__(#def),__nonnull__ nonnull))static void defname(RB_UNWRAP_MACRO decl,VALUE(*func)funcargs,int arity);
                                                                                                                     ^
2 warnings generated.
linking shared-object jaro_winkler/jaro_winkler_ext.bundle

current directory: /Users/jeffpark/.local/share/nvim/mason/.packages/solargraph/gems/jaro_winkler-1.5.4/ext/jaro_winkler
make DESTDIR\= sitearchdir\=./.gem.20221212-58596-1mglakl sitelibdir\=./.gem.20221212-58596-1mglakl install
/opt/homebrew/bin/ginstall -c -m 0755 jaro_winkler_ext.bundle ./.gem.20221212-58596-1mglakl/jaro_winkler
